<?xml version="1.0" encoding="UTF-8" ?>
<testsuite tests="4" failures="0" name="com.xwiki.authentication.sts.XWikiSTSAuthenticatorTest" time="7.145" errors="0" skipped="0">
  <properties>
[...]
</properties>
  <testcase classname="com.xwiki.authentication.sts.XWikiSTSAuthenticatorTest" name="checkAuthTest" time="2.123"/>
  <testcase classname="com.xwiki.authentication.sts.XWikiSTSAuthenticatorTest" name="checkSTSResponseTest" time="0.046"/>
  <testcase classname="com.xwiki.authentication.sts.XWikiSTSAuthenticatorTest" name="authenticateTest" time="0.132"/>
  <testcase classname="com.xwiki.authentication.sts.XWikiSTSAuthenticatorTest" name="showLoginTest" time="4.624"/>
</testsuite>